
> super-admin-dashboard@0.1.0 dev
> next dev --turbopack -p 3010 -p 3020

   ▲ Next.js 15.3.5 (Turbopack)
   - Local:        http://localhost:3020
   - Network:      http://172.30.1.37:3020
   - Environments: .env.local

 ✓ Starting...
 ✓ Ready in 855ms
 ○ Compiling /login ...
 ✓ Compiled /login in 1984ms
API Base URL: http://localhost:8000/api/v1
 GET /login 200 in 2171ms
 GET /login?id=c9854f39-acdb-4cee-b3c6-d6129d0b349f&vscodeBrowserReqId=1752932932315 200 in 67ms
 GET /login 200 in 45ms
 ✓ Compiled /_not-found/page in 461ms
 GET /.well-known/appspecific/com.chrome.devtools.json 404 in 491ms
 ✓ Compiled /favicon.ico in 382ms
 GET /favicon.ico?favicon.45db1c09.ico 200 in 633ms
 GET /favicon.ico?favicon.45db1c09.ico 200 in 248ms
 GET /login 200 in 57ms
 GET /.well-known/appspecific/com.chrome.devtools.json 404 in 37ms
 GET /favicon.ico?favicon.45db1c09.ico 200 in 252ms
 GET /favicon.ico?favicon.45db1c09.ico 200 in 222ms
 GET /login?id=c9854f39-acdb-4cee-b3c6-d6129d0b349f&vscodeBrowserReqId=1752933134616 200 in 50ms
 GET /login 200 in 57ms
 GET /.well-known/appspecific/com.chrome.devtools.json 404 in 49ms
 GET /favicon.ico?favicon.45db1c09.ico 200 in 261ms
 GET /favicon.ico?favicon.45db1c09.ico 200 in 230ms
 ○ Compiling / ...
 ✓ Compiled / in 957ms
 GET / 200 in 981ms
 GET /login 200 in 57ms
 GET /?id=c9854f39-acdb-4cee-b3c6-d6129d0b349f&vscodeBrowserReqId=1752933898624 200 in 148ms
 GET /login 200 in 114ms
 GET /login 200 in 70ms
 ○ Compiling /partners ...
 ✓ Compiled /partners in 801ms
 GET /partners 200 in 877ms
 GET /partners 200 in 91ms
 GET /login 200 in 94ms
 ✓ Compiled in 388ms
 ✓ Compiled / in 18ms
 GET /?id=c9854f39-acdb-4cee-b3c6-d6129d0b349f&vscodeBrowserReqId=1752934763746 200 in 225ms
 GET /login 200 in 31ms
 GET /login 200 in 34ms
 GET /partners 200 in 137ms
 GET /.well-known/appspecific/com.chrome.devtools.json 404 in 52ms
 GET /favicon.ico?favicon.45db1c09.ico 200 in 286ms
 GET /favicon.ico?favicon.45db1c09.ico 200 in 259ms
 GET / 200 in 45ms
 GET /login 200 in 54ms
 ✓ Compiled / in 56ms
 GET / 200 in 155ms
 GET /login 200 in 37ms
 GET /.well-known/appspecific/com.chrome.devtools.json 404 in 30ms
 GET /favicon.ico?favicon.45db1c09.ico 200 in 224ms
 ⨯ [Error: ENOENT: no such file or directory, open '/Users/danielkwon/DantaroWalletPro/frontend/super-admin-dashboard/.next/server/app/page/app-build-manifest.json'] {
  errno: -2,
  code: 'ENOENT',
  syscall: 'open',
  path: '/Users/danielkwon/DantaroWalletPro/frontend/super-admin-dashboard/.next/server/app/page/app-build-manifest.json'
}
 ○ Compiling /_error ...
 ✓ Compiled /_error in 784ms
 ⨯ [Error: ENOENT: no such file or directory, open '/Users/danielkwon/DantaroWalletPro/frontend/super-admin-dashboard/.next/static/development/_buildManifest.js.tmp.agpad8lwpn4'] {
  errno: -2,
  code: 'ENOENT',
  syscall: 'open',
  path: '/Users/danielkwon/DantaroWalletPro/frontend/super-admin-dashboard/.next/static/development/_buildManifest.js.tmp.agpad8lwpn4'
}
[Error: ENOENT: no such file or directory, open '/Users/danielkwon/DantaroWalletPro/frontend/super-admin-dashboard/.next/server/app/page/app-build-manifest.json'] {
  errno: -2,
  code: 'ENOENT',
  syscall: 'open',
  path: '/Users/danielkwon/DantaroWalletPro/frontend/super-admin-dashboard/.next/server/app/page/app-build-manifest.json'
}
 ⨯ [Error: ENOENT: no such file or directory, open '/Users/danielkwon/DantaroWalletPro/frontend/super-admin-dashboard/.next/static/development/_buildManifest.js.tmp.65caqclbp5q'] {
  errno: -2,
  code: 'ENOENT',
  syscall: 'open',
  path: '/Users/danielkwon/DantaroWalletPro/frontend/super-admin-dashboard/.next/static/development/_buildManifest.js.tmp.65caqclbp5q'
}
[Error: ENOENT: no such file or directory, open '/Users/danielkwon/DantaroWalletPro/frontend/super-admin-dashboard/.next/static/development/_buildManifest.js.tmp.e8110yw2qd9'] {
  errno: -2,
  code: 'ENOENT',
  syscall: 'open',
  path: '/Users/danielkwon/DantaroWalletPro/frontend/super-admin-dashboard/.next/static/development/_buildManifest.js.tmp.e8110yw2qd9'
}
 ⨯ [Error: ENOENT: no such file or directory, open '/Users/danielkwon/DantaroWalletPro/frontend/super-admin-dashboard/.next/server/app/login/page/app-build-manifest.json'] {
  errno: -2,
  code: 'ENOENT',
  syscall: 'open',
  path: '/Users/danielkwon/DantaroWalletPro/frontend/super-admin-dashboard/.next/server/app/login/page/app-build-manifest.json'
}
 ⨯ [Error: ENOENT: no such file or directory, open '/Users/danielkwon/DantaroWalletPro/frontend/super-admin-dashboard/.next/static/development/_buildManifest.js.tmp.2baizf0jj9z'] {
  errno: -2,
  code: 'ENOENT',
  syscall: 'open',
  path: '/Users/danielkwon/DantaroWalletPro/frontend/super-admin-dashboard/.next/static/development/_buildManifest.js.tmp.2baizf0jj9z'
}
[Error: ENOENT: no such file or directory, open '/Users/danielkwon/DantaroWalletPro/frontend/super-admin-dashboard/.next/server/app/login/page/app-build-manifest.json'] {
  errno: -2,
  code: 'ENOENT',
  syscall: 'open',
  path: '/Users/danielkwon/DantaroWalletPro/frontend/super-admin-dashboard/.next/server/app/login/page/app-build-manifest.json'
}
 ⨯ [Error: ENOENT: no such file or directory, open '/Users/danielkwon/DantaroWalletPro/frontend/super-admin-dashboard/.next/static/development/_buildManifest.js.tmp.84w3s5lj5fe'] {
  errno: -2,
  code: 'ENOENT',
  syscall: 'open',
  path: '/Users/danielkwon/DantaroWalletPro/frontend/super-admin-dashboard/.next/static/development/_buildManifest.js.tmp.84w3s5lj5fe'
}
[Error: ENOENT: no such file or directory, open '/Users/danielkwon/DantaroWalletPro/frontend/super-admin-dashboard/.next/static/development/_buildManifest.js.tmp.qvkfunc6g2'] {
  errno: -2,
  code: 'ENOENT',
  syscall: 'open',
  path: '/Users/danielkwon/DantaroWalletPro/frontend/super-admin-dashboard/.next/static/development/_buildManifest.js.tmp.qvkfunc6g2'
}
 ⨯ [Error: ENOENT: no such file or directory, open '/Users/danielkwon/DantaroWalletPro/frontend/super-admin-dashboard/.next/server/app/_not-found/page/app-build-manifest.json'] {
  errno: -2,
  code: 'ENOENT',
  syscall: 'open',
  path: '/Users/danielkwon/DantaroWalletPro/frontend/super-admin-dashboard/.next/server/app/_not-found/page/app-build-manifest.json'
}
[Error: ENOENT: no such file or directory, open '/Users/danielkwon/DantaroWalletPro/frontend/super-admin-dashboard/.next/static/development/_buildManifest.js.tmp.rsnng65d9y'] {
  errno: -2,
  code: 'ENOENT',
  syscall: 'open',
  path: '/Users/danielkwon/DantaroWalletPro/frontend/super-admin-dashboard/.next/static/development/_buildManifest.js.tmp.rsnng65d9y'
}
 ⨯ [Error: ENOENT: no such file or directory, open '/Users/danielkwon/DantaroWalletPro/frontend/super-admin-dashboard/.next/static/development/_buildManifest.js.tmp.9btxlrlz329'] {
  errno: -2,
  code: 'ENOENT',
  syscall: 'open',
  path: '/Users/danielkwon/DantaroWalletPro/frontend/super-admin-dashboard/.next/static/development/_buildManifest.js.tmp.9btxlrlz329'
}
[Error: ENOENT: no such file or directory, open '/Users/danielkwon/DantaroWalletPro/frontend/super-admin-dashboard/.next/static/development/_buildManifest.js.tmp.flx2m6hkoog'] {
  errno: -2,
  code: 'ENOENT',
  syscall: 'open',
  path: '/Users/danielkwon/DantaroWalletPro/frontend/super-admin-dashboard/.next/static/development/_buildManifest.js.tmp.flx2m6hkoog'
}
 ⨯ [Error: ENOENT: no such file or directory, open '/Users/danielkwon/DantaroWalletPro/frontend/super-admin-dashboard/.next/server/app/favicon.ico/[__metadata_id__]/route/app-paths-manifest.json'] {
  errno: -2,
  code: 'ENOENT',
  syscall: 'open',
  path: '/Users/danielkwon/DantaroWalletPro/frontend/super-admin-dashboard/.next/server/app/favicon.ico/[__metadata_id__]/route/app-paths-manifest.json'
}
 ⨯ [Error: ENOENT: no such file or directory, open '/Users/danielkwon/DantaroWalletPro/frontend/super-admin-dashboard/.next/server/app/page/app-build-manifest.json'] {
  errno: -2,
  code: 'ENOENT',
  syscall: 'open',
  path: '/Users/danielkwon/DantaroWalletPro/frontend/super-admin-dashboard/.next/server/app/page/app-build-manifest.json'
}
 ⨯ [Error: ENOENT: no such file or directory, open '/Users/danielkwon/DantaroWalletPro/frontend/super-admin-dashboard/.next/static/development/_buildManifest.js.tmp.ntog3ne7ap'] {
  errno: -2,
  code: 'ENOENT',
  syscall: 'open',
  path: '/Users/danielkwon/DantaroWalletPro/frontend/super-admin-dashboard/.next/static/development/_buildManifest.js.tmp.ntog3ne7ap'
}
[Error: ENOENT: no such file or directory, open '/Users/danielkwon/DantaroWalletPro/frontend/super-admin-dashboard/.next/server/app/page/app-build-manifest.json'] {
  errno: -2,
  code: 'ENOENT',
  syscall: 'open',
  path: '/Users/danielkwon/DantaroWalletPro/frontend/super-admin-dashboard/.next/server/app/page/app-build-manifest.json'
}
 ⨯ [Error: ENOENT: no such file or directory, open '/Users/danielkwon/DantaroWalletPro/frontend/super-admin-dashboard/.next/static/development/_buildManifest.js.tmp.9ym2jwbsuxm'] {
  errno: -2,
  code: 'ENOENT',
  syscall: 'open',
  path: '/Users/danielkwon/DantaroWalletPro/frontend/super-admin-dashboard/.next/static/development/_buildManifest.js.tmp.9ym2jwbsuxm'
}
[Error: ENOENT: no such file or directory, open '/Users/danielkwon/DantaroWalletPro/frontend/super-admin-dashboard/.next/static/development/_buildManifest.js.tmp.lo42kwcqk3k'] {
  errno: -2,
  code: 'ENOENT',
  syscall: 'open',
  path: '/Users/danielkwon/DantaroWalletPro/frontend/super-admin-dashboard/.next/static/development/_buildManifest.js.tmp.lo42kwcqk3k'
}
 ⨯ [Error: ENOENT: no such file or directory, open '/Users/danielkwon/DantaroWalletPro/frontend/super-admin-dashboard/.next/server/app/login/page/app-build-manifest.json'] {
  errno: -2,
  code: 'ENOENT',
  syscall: 'open',
  path: '/Users/danielkwon/DantaroWalletPro/frontend/super-admin-dashboard/.next/server/app/login/page/app-build-manifest.json'
}
 ⨯ [Error: ENOENT: no such file or directory, open '/Users/danielkwon/DantaroWalletPro/frontend/super-admin-dashboard/.next/server/pages/_app/build-manifest.json'] {
  errno: -2,
  code: 'ENOENT',
  syscall: 'open',
  path: '/Users/danielkwon/DantaroWalletPro/frontend/super-admin-dashboard/.next/server/pages/_app/build-manifest.json'
}
[Error: ENOENT: no such file or directory, open '/Users/danielkwon/DantaroWalletPro/frontend/super-admin-dashboard/.next/server/app/login/page/app-build-manifest.json'] {
  errno: -2,
  code: 'ENOENT',
  syscall: 'open',
  path: '/Users/danielkwon/DantaroWalletPro/frontend/super-admin-dashboard/.next/server/app/login/page/app-build-manifest.json'
}
 ⨯ [Error: ENOENT: no such file or directory, open '/Users/danielkwon/DantaroWalletPro/frontend/super-admin-dashboard/.next/server/pages/_app/build-manifest.json'] {
  errno: -2,
  code: 'ENOENT',
  syscall: 'open',
  path: '/Users/danielkwon/DantaroWalletPro/frontend/super-admin-dashboard/.next/server/pages/_app/build-manifest.json'
}
[Error: ENOENT: no such file or directory, open '/Users/danielkwon/DantaroWalletPro/frontend/super-admin-dashboard/.next/server/pages/_app/build-manifest.json'] {
  errno: -2,
  code: 'ENOENT',
  syscall: 'open',
  path: '/Users/danielkwon/DantaroWalletPro/frontend/super-admin-dashboard/.next/server/pages/_app/build-manifest.json'
}
 ⨯ [Error: ENOENT: no such file or directory, open '/Users/danielkwon/DantaroWalletPro/frontend/super-admin-dashboard/.next/server/app/_not-found/page/app-build-manifest.json'] {
  errno: -2,
  code: 'ENOENT',
  syscall: 'open',
  path: '/Users/danielkwon/DantaroWalletPro/frontend/super-admin-dashboard/.next/server/app/_not-found/page/app-build-manifest.json'
}
[Error: ENOENT: no such file or directory, open '/Users/danielkwon/DantaroWalletPro/frontend/super-admin-dashboard/.next/server/pages/_app/build-manifest.json'] {
  errno: -2,
  code: 'ENOENT',
  syscall: 'open',
  path: '/Users/danielkwon/DantaroWalletPro/frontend/super-admin-dashboard/.next/server/pages/_app/build-manifest.json'
}
 ⨯ [Error: ENOENT: no such file or directory, open '/Users/danielkwon/DantaroWalletPro/frontend/super-admin-dashboard/.next/server/pages/_app/build-manifest.json'] {
  errno: -2,
  code: 'ENOENT',
  syscall: 'open',
  path: '/Users/danielkwon/DantaroWalletPro/frontend/super-admin-dashboard/.next/server/pages/_app/build-manifest.json'
}
[Error: ENOENT: no such file or directory, open '/Users/danielkwon/DantaroWalletPro/frontend/super-admin-dashboard/.next/server/pages/_app/build-manifest.json'] {
  errno: -2,
  code: 'ENOENT',
  syscall: 'open',
  path: '/Users/danielkwon/DantaroWalletPro/frontend/super-admin-dashboard/.next/server/pages/_app/build-manifest.json'
}
 ⨯ [Error: ENOENT: no such file or directory, open '/Users/danielkwon/DantaroWalletPro/frontend/super-admin-dashboard/.next/server/app/favicon.ico/[__metadata_id__]/route/app-paths-manifest.json'] {
  errno: -2,
  code: 'ENOENT',
  syscall: 'open',
  path: '/Users/danielkwon/DantaroWalletPro/frontend/super-admin-dashboard/.next/server/app/favicon.ico/[__metadata_id__]/route/app-paths-manifest.json'
}
 ⨯ [Error: ENOENT: no such file or directory, open '/Users/danielkwon/DantaroWalletPro/frontend/super-admin-dashboard/.next/server/app/login/page/app-build-manifest.json'] {
  errno: -2,
  code: 'ENOENT',
  syscall: 'open',
  path: '/Users/danielkwon/DantaroWalletPro/frontend/super-admin-dashboard/.next/server/app/login/page/app-build-manifest.json'
}
 ⨯ [Error: ENOENT: no such file or directory, open '/Users/danielkwon/DantaroWalletPro/frontend/super-admin-dashboard/.next/server/pages/_app/build-manifest.json'] {
  errno: -2,
  code: 'ENOENT',
  syscall: 'open',
  path: '/Users/danielkwon/DantaroWalletPro/frontend/super-admin-dashboard/.next/server/pages/_app/build-manifest.json'
}
[Error: ENOENT: no such file or directory, open '/Users/danielkwon/DantaroWalletPro/frontend/super-admin-dashboard/.next/server/app/login/page/app-build-manifest.json'] {
  errno: -2,
  code: 'ENOENT',
  syscall: 'open',
  path: '/Users/danielkwon/DantaroWalletPro/frontend/super-admin-dashboard/.next/server/app/login/page/app-build-manifest.json'
}
 ⨯ [Error: ENOENT: no such file or directory, open '/Users/danielkwon/DantaroWalletPro/frontend/super-admin-dashboard/.next/server/pages/_app/build-manifest.json'] {
  errno: -2,
  code: 'ENOENT',
  syscall: 'open',
  path: '/Users/danielkwon/DantaroWalletPro/frontend/super-admin-dashboard/.next/server/pages/_app/build-manifest.json'
}
[Error: ENOENT: no such file or directory, open '/Users/danielkwon/DantaroWalletPro/frontend/super-admin-dashboard/.next/server/pages/_app/build-manifest.json'] {
  errno: -2,
  code: 'ENOENT',
  syscall: 'open',
  path: '/Users/danielkwon/DantaroWalletPro/frontend/super-admin-dashboard/.next/server/pages/_app/build-manifest.json'
}
 ⨯ [Error: ENOENT: no such file or directory, open '/Users/danielkwon/DantaroWalletPro/frontend/super-admin-dashboard/.next/server/app/_not-found/page/app-build-manifest.json'] {
  errno: -2,
  code: 'ENOENT',
  syscall: 'open',
  path: '/Users/danielkwon/DantaroWalletPro/frontend/super-admin-dashboard/.next/server/app/_not-found/page/app-build-manifest.json'
}
[Error: ENOENT: no such file or directory, open '/Users/danielkwon/DantaroWalletPro/frontend/super-admin-dashboard/.next/server/pages/_app/build-manifest.json'] {
  errno: -2,
  code: 'ENOENT',
  syscall: 'open',
  path: '/Users/danielkwon/DantaroWalletPro/frontend/super-admin-dashboard/.next/server/pages/_app/build-manifest.json'
}
 ⨯ [Error: ENOENT: no such file or directory, open '/Users/danielkwon/DantaroWalletPro/frontend/super-admin-dashboard/.next/server/pages/_app/build-manifest.json'] {
  errno: -2,
  code: 'ENOENT',
  syscall: 'open',
  path: '/Users/danielkwon/DantaroWalletPro/frontend/super-admin-dashboard/.next/server/pages/_app/build-manifest.json'
}
[Error: ENOENT: no such file or directory, open '/Users/danielkwon/DantaroWalletPro/frontend/super-admin-dashboard/.next/server/pages/_app/build-manifest.json'] {
  errno: -2,
  code: 'ENOENT',
  syscall: 'open',
  path: '/Users/danielkwon/DantaroWalletPro/frontend/super-admin-dashboard/.next/server/pages/_app/build-manifest.json'
}
 ⨯ [Error: ENOENT: no such file or directory, open '/Users/danielkwon/DantaroWalletPro/frontend/super-admin-dashboard/.next/server/app/favicon.ico/[__metadata_id__]/route/app-paths-manifest.json'] {
  errno: -2,
  code: 'ENOENT',
  syscall: 'open',
  path: '/Users/danielkwon/DantaroWalletPro/frontend/super-admin-dashboard/.next/server/app/favicon.ico/[__metadata_id__]/route/app-paths-manifest.json'
}
[?25h
