
> partner-admin-template@0.1.0 dev
> next dev

   ▲ Next.js 15.3.5
   - Local:        http://localhost:3000
   - Network:      http://172.30.1.33:3000

 ✓ Starting...
 ✓ Ready in 1243ms
 ○ Compiling / ...
 ✓ Compiled / in 2.6s (853 modules)
 HEAD / 200 in 2959ms
 HEAD / 200 in 70ms
 ○ Compiling /users ...
 ✓ Compiled /users in 509ms (874 modules)
 GET /users?id=e28b7cf8-23f8-4241-9271-c54788a60620&vscodeBrowserReqId=1752428093894 200 in 666ms
 GET /users?id=e28b7cf8-23f8-4241-9271-c54788a60620&vscodeBrowserReqId=1752428657955 200 in 123ms
 GET / 200 in 155ms
 ✓ Compiled /favicon.ico in 462ms (505 modules)
 GET /favicon.ico 200 in 559ms
 ✓ Compiled /_not-found in 391ms (880 modules)
 GET /.well-known/appspecific/com.chrome.devtools.json 404 in 476ms
 GET / 200 in 25ms
 ✓ Compiled /wallet in 260ms (887 modules)
 GET /wallet 200 in 299ms
 GET / 200 in 11ms
